nohup: ignoring input
单词总数: 1544
筛选后单词数: 763
absent;vt. 使缺席;He was absent from school yesterday. 他昨天缺席了学校。
出现停用词, 再次尝试
accept;vi. 承认；同意；承兑;She had to accept the fact that summer vacation was over. 她不得不接受暑假已经结束这个事实.
achieve;vt. 取得；获得；实现；成功;She worked hard to achieve her goals. 她努力工作以实现她的目标。
act;vt. 扮演；装作，举动像;She likes to act in school plays. 她喜欢在学校的戏剧中扮演角色。
add;vi. 加；增加；加起来；做加法;He likes to add sugar to his coffee every morning. 他喜欢在每天早晨的咖啡里加糖。
address;vt. 演说；从事；忙于；写姓名地址；向…致辞；与…说话；提出；处理;He addressed the audience with a heartfelt speech. 他以一篇发自内心的演讲向观众致辞.
advantage;vt. 有利于；使处于优势;Having a good education is an advantage in life. 在生活中拥有良好的教育是一种优势。
advise;vt. 建议；劝告，忠告；通知；警告;He always advises his friends to study hard. 他总是建议他的朋友努力学习。
afford;vt. 给予，提供；买得起;She couldn't afford to buy a new car. 她买不起新车。
age;vt. 使成熟；使变老，使上;He tried to age the wine to enhance its flavor. 他试图让葡萄酒变老以增强其味道。
agree;vi. ;She and I agree on the movie choice. 她和我在电影选择上达成了一致意见.
air;vt. 使通风，晾干；夸耀;She likes to air out her clothes in the sun. 她喜欢把衣服晾在太阳底下.
allow;vi. 容许；考虑;The teacher will allow us to use calculators during the exam.老师会允许我们在考试时使用计算器.
answer;vt. 回答；符合;She didn't answer my question. 她没有回答我的问题.
appear;vi. 出现；显得；似乎；出庭；登场;He appears at the door. 他出现在门口.
出现停用词, 再次尝试
出现停用词, 再次尝试
arm;vt. 武装；备战;She decided to arm herself with knowledge before entering the debate. 她决定在参加辩论前武装自己以应对。
arrive;vi. 到达；成功；达成；出生;He will arrive at the airport at noon. 他将于中午抵达机场。
art;v. 是（be的变体）;Art is a way of expressing oneself. 艺术是表达自己的一种方式.
出现停用词, 再次尝试
article;vt. 订约将…收为学徒或见习生；使…受协议条款的约束;He decided to article with the law firm to gain practical experience. 他决定与律师事务所签约以获得实践经验.
ask;vt. 问，询问；要求；需要；邀请；讨价;She asked her friend to help with the homework. 她请求她的朋友帮忙做家庭作业.
attend;vi. 出席；致力于；照料；照顾;She attends the ballet class every Saturday. 她每个星期六都去上芭蕾舞课。
avoid;vt. 避免；避开，躲避；消除;She tried to avoid making eye contact with him. 她努力避免与他眼神接触.
出现停用词, 再次尝试
awake;vt. 唤醒；使觉醒；激起，唤起;She tried to awake her sleeping cat by gently shaking its paw. 她试图通过轻轻摇动它的爪子来唤醒她睡着的猫。
baby;vt. 纵容，娇纵；把……当婴儿般对待;She tends to baby her younger brother, always treating him with special care. 她倾向于宠溺她的弟弟，总是特别照顾他。
back;vt. 支持；后退；背书；下赌注;He decided to back his friend in the upcoming election. 他决定在即将到来的选举中支持他的朋友。
出现停用词, 再次尝试
background;vt. 作…的背景;The artist painted a beautiful background for the scene. 画家为场景绘制了美丽的背景。
bag;vt. 猎获；把…装入袋中；占据，私吞；使膨大;He managed to bag a deer during hunting season. 他在狩猎季节成功捕获了一只鹿。
ball;vt. 捏成球形;He can easily ball up the paper. 他可以轻松把纸捏成球形.
balloon;vt. 使像气球般鼓起；使激增;He inflated the balloon until it was huge. 他把气球吹得很大。
bamboo;vt. 为…装上篾条;They decided to bamboo the garden fence for a more natural look. 他们决定为花园围栏装上竹篾条,以获得更自然的外观.
bank;vt. 将…存入银行；倾斜转弯;I need to bank my savings for future needs. 为了将来的需要，我需要把储蓄存入银行。
basket;vt. 装入篮;She carefully placed the fruits into the basket. 她小心地把水果放进篮子里。
be;vt. 是； 有，存在； 做，成为； 发生;He wants to be a doctor when he grows up. 他长大后想成为一名医生。
am;v. 是;I am happy to see you. 我很高兴见到你。
is;v. 是（be的三单形式）;He is a doctor. 他是医生。
are;v. 是（be的第二人称单复数现在式）;You are in my thoughts. 你在我的思绪中。
beach;vt. 将…拖上岸;She tried to beach the boat on the sandy shore. 她试图将船拖上沙滩。
bean;vt. 击…的头部;He beaned the ball out of the park. 他将球击出了球场。
bear;vt. 结果实，开花（正式）;The apple tree will bear fruit in the autumn. 苹果树将在秋天结果实。
beat;vt. 打；打败;He managed to beat his high score in the game. 他设法击败了他在游戏中的最高分。
become;vt. 适合；相称;He will become a doctor in the future. 他将来会成为一名医生.
bed;vt. 使睡觉；安置，嵌入；栽种;She likes to read in bed before sleeping. 她喜欢在床上看书然后睡觉。
出现停用词, 再次尝试
出现停用词, 再次尝试
出现停用词, 再次尝试
beef;vt. 养；加强;He beefs up his muscles by lifting weights. 他通过举重来增强肌肉。
begin;vi. 开始；首先;He begins his journey early in the morning. 他早上开始了他的旅程.
believe;vi. 信任；料想；笃信宗教;I believe you will do well in the exam. 我相信你会在考试中取得好成绩。
bell;vt. 装钟于，系铃于;She decided to bell her cat to prevent it from sneaking up on birds. 她决定给她的猫装上铃铛，以防止它悄悄接近鸟儿。
best;vt. 打败，胜过;He wants to do his best in the competition. 他想在比赛中尽力而为.
better;vt. 改善；胜过;He tries to better his skills through practice. 他通过练习努力提升自己的技能。
bike;vi. 骑自行车（或摩托车）;She likes to bike to work every day. 她喜欢每天骑自行车上班.
bicycle;vt. 骑自行车运送;He likes to bicycle to work every morning. 他喜欢每天早上骑自行车上班。
bill;vt. 宣布；开账单；用海报宣传;The government will bill the company for the damages. 政府将向公司开出损坏账单.
出现停用词, 再次尝试
bird;vt. 向…喝倒彩；起哄;He felt embarrassed when people birded him. 人们向他喝倒彩让他感到尴尬。
bit;vt. 咬（bite的过去式和过去分词）;The dog bit the man. 狗咬了这个人.
black;vt. 使变黑；把鞋油等涂在…上；把（眼眶）打成青肿;He used a brush to black his shoes. 他用刷子给鞋子涂黑了。
blind;vt. 使失明；使失去理智;She accidentally used a chemical that could blind her. 她意外地使用了一种可能使她失明的化学物质。
block;vt. 阻止；阻塞；限制；封盖;He used a large rock to block the entrance. 他用一块大石头堵住了入口。
blood;vt. 从…抽血；使先取得经验;The nurse will carefully draw blood for the medical test. 女护士将小心翼翼地抽取血液进行医学检测。
blouse;vt. 使…宽松下垂;She wore a blouse that flowed loosely around her. 她穿着一件宽松下垂的衬衫。
blow;vt. 风吹;He tried to blow out the candles on his birthday cake. 他试图吹灭生日蛋糕上的蜡烛.
blue;vi. 变成蓝色，呈蓝色;The sky will eventually turn blue again. 天空最终会再次变蓝。
board;vt. 上（飞机、车、船等）；用板盖上；给提供膳宿;I board the plane and find my seat by the window. 我登上飞机并找到靠窗的座位。
boat;vi. 划船;He loves to boat on the lake. 他喜欢在湖上划船.
body;vt. 赋以形体;He used clay to body the sculpture. 他用黏土赋予雕塑形体.
book;vt. 预订；登记;I'll book a table for us at the restaurant. 我们在餐厅预订一张桌子。
bored;v. 使厌烦（bore的过去式）；烦扰;She was bored during the long lecture. 她在漫长的讲座中感到厌烦。
出现停用词, 再次尝试
boring;v. 钻孔；使厌烦；挖空（bore的ing形式）;The lecture was so boring that many students fell asleep. 这个讲座太无聊了，许多学生都睡着了。
born;v. 出世（bear的过去分词）;She was born in a small town. 她出生在一个小镇。
borrow;vt. 借；借用;She likes to borrow books from the library. 她喜欢从图书馆借书。
boss;vt. 指挥，调遣；当…的领导;The manager will boss the team during the project. 经理将在项目期间指挥团队.
bottle;vt. 控制；把…装入瓶中;She tried to bottle up her emotions. 她试图控制住自己的情绪。
bottom;vt. 装底；测量深浅；查明真相;He carefully bottomed the boat to prevent it from tipping over. 他小心地将船底测量以防止倾覆。
bowl;vt. 投球；旋转；平稳快速移动;He bowled a perfect strike in the final frame. 他在最后一局投出了一杆完美的球.
box;vt. 拳击；装…入盒中；打耳光;He likes to box for exercise. 他喜欢拳击来锻炼身体。
brain;vt. 猛击…的头部;He brain the nail into the wood. 他猛击钉子进入木头.
brave;vt. 勇敢地面对;She braved the storm to rescue the stranded sailors. 她勇敢地面对风暴，拯救被困的水手们。
bread;vt. 在…上洒面包屑;She carefully breads the chicken before frying it. 她在炸鸡之前仔细地在上面撒了面包屑.
break;vi. 打破；折断；弄坏；削弱;He tried to break the stick, but it was too strong. 他试图打断那根木棍，但它太坚硬了。
breakfast;vt. 为…供应早餐;She breakfasts early every morning. 她每天早晨都很早吃早餐。
bridge;vt. 架桥；渡过;They will bridge the river tomorrow. 他们明天将架桥过河.
bring;vt. 带来；促使；引起；使某人处于某种情况或境地;He always forgets to bring his lunch to school. 他总是忘记带午餐去学校。
brown;vt. 使变成褐色;He used a special dye to brown the leather. 他用特殊的染料使皮革变成褐色。
brush;vi. 刷；擦过；掠过；（经过时）轻触;She brushed her hair before going to bed. 她睡觉前梳理了她的头发.
build;vi. 建筑；建造;He likes to build sandcastles on the beach. 他喜欢在沙滩上建造沙堡.
building;v. 建筑；建立；增加（build的ing形式）;They are building a new house in the neighborhood. 他们在附近建造一座新房子。
burn;vt. 燃烧；烧毁，灼伤；激起…的愤怒;The fire caused the wood to burn quickly. 火引起木材迅速燃烧。
busy;vt. 使忙于;She is busy with her homework. 她正在忙于她的家庭作业。
buy;vi. 买，采购;She decided to buy a new dress for the party. 她决定为聚会买一条新裙子。
cake;vt. 使结块;She accidentally spilled water on the flour, causing it to cake. 她不小心把水洒在面粉上，导致它结块了。
calendar;vt. 将…列入表中；将…排入日程表;She will calendar the meeting for next Monday. 她将会议安排在下周一。
call;vi. 呼叫；拜访；叫牌;I will call my friend tomorrow. 我明天会打电话给我的朋友.
camp;vt. 扎营；使扎营;They camp by the lake every summer. 他们每年夏天都在湖边扎营。
can;vt. 将…装入密封罐中保存;He can seal the jar tightly to preserve the contents. 他能将罐子密封得很紧以保存内容。
cannot;v. 不能；无法;She cannot find her lost keys. 她找不到她丢失的钥匙。
cancel;vi. 取消，撤销;He decided to cancel his subscription to the magazine. 他决定取消他对这本杂志的订阅。
candle;vt. 对着光检查;She used a candle to inspect the dark corners of the room. 她用蜡烛检查房间的黑暗角落.
candy;vt. 用糖煮；使结晶为砂糖；美化;She likes to candy fruits to make them sweeter. 她喜欢用糖煮水果让它们更甜。
cap;vt. 覆盖；胜过；给…戴帽；加盖于;He capped the bottle tightly to prevent any leaks. 他紧紧盖上瓶子以防漏水.
card;vt. 记于卡片上;She likes to card wool before spinning it into yarn. 她喜欢在纺线之前先把羊毛梳理整齐。
care;vt. 在意；希望或喜欢;She doesn't care about the latest fashion trends. 她不关心最新的时尚潮流.
carry;vi. 能达到；被携带；被搬运;She can carry a tune quite well. 她能唱得相当好。
cartoon;vt. 为…画漫画;She loves watching cartoon every Saturday morning. 她每个星期六早上都喜欢看动画片.
catch;vt. 赶上；抓住；感染；了解;He tried to catch the ball but missed. 他试图接住球但没成功。
cause;vt. 引起；使遭受;The loud noise may cause the baby to cry. 响亮的噪音可能会引起婴儿哭泣.
出现停用词, 再次尝试
celebrate;vt. 庆祝；举行；赞美；祝贺；宣告;The family gathered to celebrate the birthday.  家人们聚在一起庆祝生日.
centre;vt. 集中；将…放在中央;She likes to center her attention on her studies. 她喜欢把注意力集中在她的学习上。
出现停用词, 再次尝试
center;vt. 集中，使聚集在一点；定中心;She tried to center her thoughts before the important exam. 她试图在重要考试前集中她的思绪。
出现停用词, 再次尝试
chair;vt. 担任（会议的）主席；使…入座；使就任要职;He will chair the meeting tomorrow. 他将主持明天的会议。
出现停用词, 再次尝试
出现停用词, 再次尝试
chalk;vt. 用粉笔写；用白垩粉擦；记录；规划;She used chalk to write on the blackboard. 她用粉笔在黑板上写字。
chance;vt. 偶然发生；冒……的险;She took a chance and won the lottery. 她冒险买了彩票，赢得了奖金。
change;vt. 改变；交换;He decided to change his hairstyle for a fresh look. 他决定换个发型来焕然一新。
check;vi. 核实，查核；中止；打勾；[象棋]将一军;He always likes to check his email first thing in the morning. 他总是喜欢早上第一件事就是查看邮件。
cheer;vt. 欢呼；使高兴；为…加油;The crowd cheers loudly for their team. 群众为他们的队伍欢呼雀跃。
choose;vt. 选择，决定;She will choose the red dress for the party. 她会选择红色的裙子参加派对.
出现停用词, 再次尝试
出现停用词, 再次尝试
circle;vt. 画圆圈；环绕…移动;She likes to circle her favorite words in her textbooks. 她喜欢在她的教科书上画圈圈。
class;vt. 分类；把…分等级；把…归入某等级，把…看作（或分类、归类）；把…编入某一班级;He likes to class his books by genre. 他喜欢按照流派分类他的书籍.
clean;vt. 使干净;She cleans the house every Saturday. 她每个星期六都清扫房子。
clear;vt. 通过；清除；使干净；跳过;The sky is clear today. 今天天空晴朗。
climb;vi. 爬；攀登；上升;She loves to climb trees in the park. 她喜欢在公园里爬树.
出现停用词, 再次尝试
出现停用词, 再次尝试
clock;vt. 记录；记时;She quickly learned how to clock her running speed. 她迅速学会了如何记录她的跑步速度.
close;vt. 关；结束；使靠近;She will close the door before leaving. 她会在离开之前关上门.
cloud;vt. 使混乱；以云遮敝；使忧郁；玷污;The smoke from the factory clouds the sky. 工厂的烟雾遮蔽了天空.
club;vt. 用棍棒打；募集;He clubbed the ball with all his might. 他用尽全力击打球。
coach;vt. 训练；指导;The coach trains the team for the upcoming match. 教练为即将到来的比赛训练团队。
coal;vt. 给…加煤；把…烧成炭;He needs to coal the furnace before we can cook dinner. 他需要给炉子加煤才能煮晚饭.
出现停用词, 再次尝试
coast;vt. 沿…岸航行;The ship will coast along the shore. 船将沿着海岸航行。
coat;vt. 覆盖…的表面;He coats the walls with a fresh layer of paint. 他用新的一层油漆覆盖墙壁。
coin;vt. 铸造（货币）；杜撰，创造;She learned how to coin a unique story. 她学会了如何创作一个独特的故事.
collect;vt. 收集；募捐;She likes to collect stamps from different countries. 她喜欢收集来自不同国家的邮票。
colour;vt. 把…涂颜色，粉饰；歪曲；使脸红;She likes to colour her drawings with bright hues. 她喜欢用鲜艳的颜色给她的画涂色。
color;vt. 粉饰；给...涂颜色；歪曲;She decided to color her room in vibrant shades. 她决定用鲜艳的颜色涂刷她的房间.
come;vi. 来；开始；出现；发生；变成；到达;She didn't come to the party last night. 她昨晚没有来参加聚会。
communicate;vi. 通讯，传达；相通；交流；感染;She finds it easy to communicate with her friends online. 她发现与朋友在线交流很容易。
compare;vi. 相比，匹敌；比较，区别；比拟（常与to连用）;She likes to compare different products before making a decision. 她喜欢在做决定之前比较不同的产品。
complete;vt. 完成;He completes his homework every day. 他每天都完成作业.
concert;vt. 使协调；协同安排;She had to concert her schedule to attend the meeting. 她不得不调整日程参加会议.
出现停用词, 再次尝试
出现停用词, 再次尝试
condition;vt. 决定；使适应；使健康；以…为条件;She will condition her hair with coconut oil. 她会用椰子油护发。
connect;vt. 连接；联合；关连;He used a cable to connect the computer to the printer. 他用一根电缆把电脑和打印机连接起来。
consider;vi. 考虑；认为；细想;She always takes time to consider her options before making a decision. 她总是在做决定之前花时间考虑她的选择。
continue;vt. 继续说…；使…继续；使…延长;He asked her to continue singing. 他要求她继续唱歌.
control;vt. 控制；管理；抑制;He struggles to control his temper during the game. 他在比赛中努力控制自己的脾气.
出现停用词, 再次尝试
cook;vt. 烹调，煮;She loves to cook delicious meals for her family. 她喜欢为家人做美味的饭菜.
cool;vt. 使…冷却；使…平静下来;They cool the soup before serving it. 他们在上菜前先让汤凉一下。
copy;vt. 复制；复印；抄袭;He asked me to copy his notes for the meeting. 他让我复印他的会议笔记.
corn;vt. 腌；使成颗粒;She used salt to corn the meat. 她用盐腌制肉。
corner;vt. 垄断；迫至一隅；使陷入绝境；把…难住;They cornered the market with their innovative product. 他们用创新的产品垄断了市场.
correct;vt. 改正；告诫;He corrected his mistake immediately. 他立即纠正了他的错误。
cost;vt. 花费；使付出；使花许多钱;The dress costs $50. 这件裙子花费50美元.
cough;vt. 咳出;He tried to suppress his cough during the meeting. 他试图在会议期间压抑咳嗽。
could;v. 能（can的过去式）;He could swim across the lake when he was younger. 他年轻时能够游过湖。
count;vt. 计算；认为;She likes to count the stars before going to bed. 她喜欢在睡觉前数星星。
couple;vt. 结合；连接；连合;They decided to couple their efforts to finish the project on time. 他们决定联合努力，按时完成项目。
course;vt. 追赶；跑过;He had to course through the forest to catch up with his friends. 他不得不穿过森林追上他的朋友。
cover;vt. 包括；采访，报导；涉及;The book cover is beautifully designed. 这本书的封面设计得很漂亮。
cow;vt. 威胁，恐吓;The bully tried to cow the smaller children into giving him their lunch money. 恶霸试图恐吓小孩让他们把午餐钱给他.
crayon;vt. 以蜡笔作画，用颜色粉笔画;I like to draw with crayons to create colorful artworks. 我喜欢用蜡笔画来创作丰富多彩的艺术品。
create;vt. 创造，创作；造成;She likes to create beautiful paintings. 她喜欢创作美丽的画作.
cross;vt. 杂交；渡过；使相交;She decided to cross the river using the old bridge. 她决定通过那座旧桥渡过河流.
出现停用词, 再次尝试
cry;vi. 哭；叫；喊;She couldn't help but cry when she saw the sad ending of the movie. 她看到电影悲伤的结局时忍不住哭了起来.
culture;vt. [细胞][微] 培养（等于cultivate）;She likes to culture her own vegetables in the backyard. 她喜欢在后院培养自己的蔬菜。
cup;vt. 使成杯状；为…拔火罐;She cupped her hands to catch the rainwater. 她用手捧着接雨水。
cut;vt. [机] 切割；削减；缩短；刺痛;He used a sharp knife to cut the cake. 他用一把锋利的刀子切蛋糕。
dance;vt. 跳舞；使跳跃;She loves to dance at parties. 她喜欢在聚会上跳舞.
date;vt. 确定…年代；和…约会;She asked him to date her to the school dance. 她请求他和她一起去参加学校舞会.
deal;vi. 处理；讨论；对待；做生意;He deals with customer complaints every day. 他每天都处理客户投诉。
报错, 没有例句, 用NULL占位
decide;vi. 决定，下决心;NULL
depend;vi. 依赖，依靠；取决于；相信，信赖;She can depend on her friends for support during tough times. 她可以依靠她的朋友在困难时期得到支持.
describe;vt. 描述，形容；描绘;She can describe her favorite place with vivid details. 她能用生动的细节描述她最喜欢的地方。
develop;vi. 发育；生长；进化；显露;She developed a passion for painting at a young age. 她在年幼时就对绘画产生了热情。
dialogue;vt. 用对话表达;She prefers to dialogue with her colleagues rather than sending emails. 她更喜欢与同事进行对话而不是发电子邮件.
die;vi. 死亡；凋零；熄灭;He refused to die without a fight. 他拒绝在没有一战之力的情况下死去。
出现停用词, 再次尝试
dig;vi. 挖掘;He likes to dig in the garden. 他喜欢在花园里挖掘.
出现停用词, 再次尝试
dining;v. 吃饭（dine的现在分词）;He is dining with his family tonight. 他今晚与家人一起用餐。
direct;vt. 管理；指挥；导演；指向;He will direct the play next week. 他下周将指导这部戏。
dirty;vt. 弄脏;He didn't mean to dirty his clothes. 他不是故意弄脏他的衣服。
discover;vi. 发现;She discovers a hidden treasure in the forest. 她在森林里发现了一座隐藏的宝藏.
discuss;vt. 讨论；论述，辩论;Let's discuss the book tomorrow after class. 明天下课后我们讨论这本书。
dish;vt. 盛于碟盘中；分发；使某人的希望破灭；说（某人）的闲话;She carefully placed the delicious food on the dish. 她小心地把美味的食物盛放在碟子里.
divide;vt. 划分；除；分开；使产生分歧;They divide the pizza into equal slices. 他们把披萨切成相等的块。
do;vi. 行，足够；生长;He decided to do his best in the race. 他决定在比赛中尽力而为。
doctor;vt. 修理；篡改，伪造；为…治病；授以博士学位;He tried to doctor the evidence to make it look like an accident. 他试图篡改证据使其看起来像是一场意外。
dog;vt. 跟踪；尾随;He tried to dog the suspect through the crowded market. 他试图在拥挤的市场里跟踪嫌疑人.
double;vt. 使加倍;He double-checked his work before submitting it. 他在提交之前仔细检查了他的工作。
doubt;v. 怀疑；不信；恐怕；拿不准;She doubted his honesty after catching him in a lie. 她在发现他撒谎后对他的诚实产生了怀疑。
出现停用词, 再次尝试
出现停用词, 再次尝试
down;vt. 打倒，击败;He managed to down three opponents in the game. 他在比赛中成功击败了三名对手.
draw;vi. 拉；拖;She likes to draw colorful pictures in her sketchbook. 她喜欢在她的素描本上画五彩缤纷的图画。
dream;vt. 梦想；做梦；想到;She dreams of traveling the world one day. 她梦想着有一天环游世界。
出现停用词, 再次尝试
dress;vt. 给…穿衣;She helps her daughter dress for school every morning. 她每天早上帮助女儿穿上学校的衣服.
drink;vt. 喝，饮；吸收；举杯庆贺;He likes to drink orange juice in the morning. 他喜欢早上喝橙汁。
出现停用词, 再次尝试
drive;vi. 开车；猛击；飞跑;He drives carefully on the highway. 他在高速公路上小心驾驶.
drop;vt. 滴；使降低；使终止；随口漏出;She carefully dropped the fragile vase, causing it to shatter. 她小心地放下那个易碎的花瓶，导致它碎成了碎片。
dry;vt. 把…弄干;She used a towel to dry her hair. 她用毛巾擦干了她的头发。
duck;vt. 躲避；猛按…入水;He had to duck to avoid the low-hanging branch. 他不得不躲闪以避开低垂的树枝。
ear;vi. （美俚）听见；抽穗;I can barely hear with this ear. 我用这只耳朵几乎听不到声音。
earth;vt. 把（电线）[电] 接地；盖（土）；追赶入洞穴;He tried to earth the electrical wire safely. 他试图安全地接地电线.
easy;vt. 发出停划命令;He easy the horse to a gentle stop. 他轻松地让马停下来。
eat;vt. 吃，喝；腐蚀；烦扰;She likes to eat fruits for breakfast. 她喜欢早餐吃水果。
egg;vt. 煽动；怂恿;He tried to egg his friend on to take the challenge. 他试图怂恿他的朋友接受挑战。
email;vt. 给…发电子邮件;She emails her boss every morning with updates. 她每天早上给她的老板发电子邮件更新情况.
empty;vt. 使失去；使…成为空的;The child accidentally spilled water, causing the cup to empty. 杯子被孩子不小心弄翻，水洒得一干二净。
encourage;vt. 鼓励，怂恿；激励；支持;He always tries to encourage his friends to pursue their dreams. 他总是试图鼓励他的朋友追求他们的梦想.
end;vi. 结束，终止；终结;She wanted to end the conversation and go home. 她想结束对话回家。
engineer;vt. 设计；策划；精明地处理;The engineer designed a new bridge for the city.  工程师为这座城市设计了一座新桥。
English;vt. 把…译成英语;He needs to English his thoughts for the presentation. 他需要把他的想法翻译成英语来做演讲。
enjoy;vt. 欣赏，享受；喜爱；使过得快活;She enjoys reading books in her free time. 她喜欢在空闲时间读书。
enter;vt. 进入；开始；参加;He enters the room quietly. 他悄悄地进入房间。
even;v. 甚至；即使；还；实际上;He didn't even say goodbye before leaving. 他甚至都没有在离开之前说再见。
example;vt. 作为…的例子；为…做出榜样;He always tries to set a good example for his younger siblings. 他总是努力为他的小兄弟姐妹树立良好榜样。
出现停用词, 再次尝试
出现停用词, 再次尝试
出现停用词, 再次尝试
except;vt. 不计；把…除外;She eats everything except mushrooms. 她除了蘑菇之外什么都吃。
excited;v. 激动；唤起（excite的过去分词）;She was excited to see her family after a long time apart. 她和家人分别已久，见面时感到很激动。
出现停用词, 再次尝试
exciting;v. 激动；刺激（excite的ing形式）；唤起;The roller coaster ride was so exciting that I couldn't stop screaming.  这过山车的游乐让我激动得停不下来尖叫。
excuse;vt. 原谅；为…申辩；给…免去;He always has an excuse for being late. 他总是为迟到找借口。
exercise;vt. 锻炼；练习；使用；使忙碌；使惊恐;I need to exercise regularly to stay healthy. 我需要定期锻炼以保持健康。
expect;vi. 期待；预期;I expect him to arrive on time. 我期待他准时到达.
experience;vt. 经验；经历；体验;She gained valuable experience working in the research lab. 她在研究实验室工作中获得了宝贵的经验。
explain;v. 说明；解释;He will explain the process step by step. 他会逐步解释这个过程。
express;vt. 表达；快递;She expressed her feelings through a beautiful song.她通过一首美妙的歌曲表达了自己的感情.
eye;vt. 注视，看;She sat by the window, eyeing the passing cars. 她坐在窗边，注视着经过的车辆。
face;vi. 向；朝;She turned to face the sun, feeling its warmth on her skin. 她转过身来面对太阳，感受着它温暖的阳光洒在皮肤上。
出现停用词, 再次尝试
fail;vi. 失败，不及格；破产；缺乏；衰退;He tried his best but still managed to fail the exam. 他尽力了，但还是没能通过考试。
fair;vi. 转晴;The weather forecast predicts that it will fair tomorrow. 天气预报预测明天会放晴.
出现停用词, 再次尝试
fall;vi. 落下；变成；来临；减弱;The leaves fall from the trees every autumn. 树叶每年秋天从树上落下来.
fan;vt. 煽动；刺激；吹拂;She fanned herself with a magazine to cool down. 她用一本杂志给自己扇风以降温.
farm;vt. 养殖；耕种；佃出（土地）;She likes to farm vegetables in her backyard. 她喜欢在后院种植蔬菜。
fast;v. 迅速地；紧紧地；彻底地;He ran fast to catch the bus. 他迅速地跑去赶公交车.
出现停用词, 再次尝试
fat;vt. 养肥；在…中加入脂肪;He likes to fat his cat with extra treats. 他喜欢给他的猫喂食额外的零食使其变得肥胖。
father;vt. 发明，创立；当…的父亲;He fathered many inventions in his lifetime. 他一生中发明了许多东西。
fear;vt. 害怕；敬畏；为…担心;She feared the dark forest at night. 她害怕夜晚的黑暗森林.
feed;vt. 喂养；供给；放牧；抚养（家庭等）；靠…为生;She feeds her pet cat every morning. 她每天早上都给她的宠物猫喂食。
feel;vi. 觉得；摸索;She could feel the warmth of the sun on her face. 她能感受到阳光在她脸上的温暖。
feeling;v. 感觉；认为（feel的现在分词）；触摸;She is feeling happy today. 她今天感觉很开心。
fever;vt. 使发烧；使狂热；使患热病;She had a fever after catching a cold. 她感冒后发烧了。
field;vt. 把暴晒于场上；使上场;She will field questions from the audience. 她将回答观众的问题.
fight;vi. 打架；与…打仗，与…斗争；反对…提案;He doesn't like to fight with others. 他不喜欢与他人打架。
fill;vt. 装满，使充满；满足；堵塞；任职;The glass is full of water. 玻璃杯装满了水。
film;vt. 在…上覆以薄膜；把…拍成电影;He will film the entire journey with his camera. 他将用相机记录整个旅程.
find;vi. 裁决;He couldn't find his way home in the dark. 他在黑暗中找不到回家的路。
fine;vt. 罚款；澄清;I received a fine for parking in the wrong place. 犯规停车让我被罚款了。
出现停用词, 再次尝试
出现停用词, 再次尝试
finger;vt. 伸出；用手指拨弄;She used her finger to point at the map. 她用手指指向地图。
finish;vt. 完成；结束；用完;She needs to finish her homework before going out to play. 她需要在外出玩之前完成她的家庭作业.
fire;vt. 点燃；解雇；开除；使发光；烧制；激动；放枪;He tried to fire up the old stove. 他试图点燃那台旧炉子。
fish;vt. 钓鱼，捕鱼；搜寻;He likes to fish in the river on weekends. 他喜欢在周末在河里钓鱼.
fit;vt. 安装；使……适应；使……合身；与……相符;He tried to fit the puzzle pieces together. 他试图把拼图块拼在一起。
fix;vt. 使固定；修理；安装；准备;He used a hammer to fix the broken chair. 他用锤子修理了坏掉的椅子.
flag;vt. 标记；插旗;He used a stick to flag his location in the forest. 他用一根棍子标记了他在森林中的位置.
floor;vt. 铺地板；打倒，击倒；（被困难）难倒;He carefully used a hammer to floor the loose boards. 他小心地用锤子敲打松动的木板。
flower;vt. 使开花；用花装饰;The gardener used special fertilizer to help the plant flower.  园丁使用特殊的肥料帮助植物开花。
fly;vi. 飞；驾驶飞机；飘扬;Birds fly through the sky with grace. 鸟儿在天空中优雅地飞翔。
follow;vi. 跟随；接着;She likes to follow her big brother around the park. 她喜欢在公园里跟随她的哥哥。
foot;vt. 支付；给……换底;I'll foot the bill for our dinner tonight. 今晚的晚餐费用我来支付。
football;vi. 踢足球；打橄榄球;He enjoys playing football with his friends every weekend. 他每个周末都喜欢和朋友踢足球。
force;vt. 促使，推动；强迫；强加;They force the door open. 他们强行打开了门。
forest;vt. 植树于，使成为森林;They will forest the area with new trees. 他们将在这个地区种植新树。
出现停用词, 再次尝试
forget;vi. 忘记;I forget to bring my umbrella when it rains. 我下雨时忘记带伞了.
fork;vt. 叉起；使成叉状;He used a fork to lift the delicious spaghetti. 他用叉子夹起美味的意大利面。
form;vt. 构成，组成；排列，组织；产生，塑造;The students form a line outside the classroom. 学生们在教室外排成一队。
free;vt. 使自由，解放；释放;She freed the bird from its cage. 她释放了鸟从它的笼子里。
front;vt. 面对；朝向；对付;He stood tall and strong, ready to front any challenge that came his way. 他站得笔直而坚定，准备面对任何来临的挑战.
出现停用词, 再次尝试
fruit;vt. 使……结果实;The apple tree bears delicious fruit every autumn. 苹果树每年秋天结出美味的水果.
full;vt. 把衣服缝得宽大;She decided to full her dress to make it more comfortable. 她决定把裙子缝得更宽松一些.
fun;vi. 开玩笑;He likes to have fun with his friends. 他喜欢和朋友开玩笑.
game;vi. 赌博;He likes to game at the casino on weekends. 他喜欢在周末去赌场赌博。
garden;vt. 栽培花木;She loves to garden flowers in her backyard. 她喜欢在后院种花。
gate;vt. 给…装大门;He will gate the garden to keep the rabbits out. 他会给花园装门以防兔子进来。
get;vi. 成为；变得；到达;She gets tired after playing for hours. 她玩了几个小时后感到疲倦。
gift;vt. 赋予；向…赠送;She decided to gift her sister a beautiful necklace for her birthday. 她决定送她姐姐一条漂亮的项链作为生日礼物.
give;vi. 捐赠；面向；有弹性；气候转暖;He decided to give his old toys to charity. 他决定把他的旧玩具捐给慈善机构.
glad;vt. 使高兴;She was glad to hear the good news. 她听到这个好消息感到高兴。
glass;vt. 反映；给某物加玻璃;He carefully glassed the photo to preserve it. 他小心地给照片贴上玻璃以保存它。
出现停用词, 再次尝试
glove;vt. 给…戴手套;She always wears a glove when riding her bike. 她骑自行车时总是戴着手套。
glue;vt. 粘合；似胶般固着于;She used glue to stick the pieces of paper together. 她用胶水把纸片粘在一起。
go;vi. 走；达到；运转；趋于;He decided to go home after the party. 他决定在派对结束后回家。
grade;vt. 评分；把…分等级;She graded the students' essays fairly. 她公正地给学生们的论文评分。
grandfather;vt. 不受新规定限制;He is grandfathered into the old pension plan. 他被纳入了老的养老金计划中。
grandmother;vt. 当…的祖母;She loves to spend time with her grandmother on weekends. 她喜欢在周末和奶奶一起度过时间.
grass;vt. 放牧；使……长满草；使……吃草;The cows graze on the lush green grass in the field. 牛在田间吃着青翠的草。
green;vt. 使…变绿色;She used paint to green the walls. 她用油漆把墙壁涂成绿色。
出现停用词, 再次尝试
grey;vt. 使变成灰色；使变老;The old photo turned grey over time. 这张老照片随着时间变得灰暗。
ground;v. 研磨（grind的过去分词）；压迫;The chef ground the spices for the curry. 厨师磨碎了咖喱所需的香料。
group;vt. 把…聚集；把…分组;She will group the items according to their colors. 她将按颜色将物品分组。
grow;vi. 发展；生长；渐渐变得…;The plant will grow quickly with enough sunlight. 这棵植物在有足够阳光的情况下会迅速生长.
出现停用词, 再次尝试
guard;vi. 警惕;The guard stood watch at the entrance all night. 保安整夜警戒在入口处。
guess;vi. 猜；推测；猜中;She guessed the answer correctly during the game. 她在游戏中猜对了答案。
guest;vt. 款待，招待;She likes to guest her friends when they visit. 她喜欢在朋友来访时招待他们.
guide;vt. 引导；带领；操纵;He will guide us through the forest. 他将引导我们穿过森林.
guitar;vi. 弹吉他;She loves to play the guitar during her free time. 她喜欢在空闲时弹吉他.
gun;vt. 向…开枪；开大油门;He aimed the gun at the target and pulled the trigger. 他瞄准目标，扣动扳机。
habit;vt. 使穿衣;She has a habit of wearing mismatched socks. 她有穿不同颜色袜子的习惯.
hair;vt. 除去…的毛发;He carefully hair the cat before the cat show. 他在猫展之前仔细地给猫梳理了毛发。
hand;vt. 传递，交给；支持；搀扶;She decided to hand the book to her friend. 她决定把书递给她的朋友.
hang;vt. 悬挂，垂下；装饰；绞死；使悬而未决;He decided to hang a picture on the wall. 他决定把一幅画挂在墙上。
happen;vi. 发生；碰巧；偶然遇到;Accidents happen unexpectedly. 意外事件经常是突如其来的.
hat;vt. 给……戴上帽子;She likes to wear her favorite hat when she goes for a walk in the park. 她喜欢在公园散步时戴上她最喜欢的帽子。
hate;vt. 憎恨；厌恶；遗憾;She hates the taste of mushrooms. 她讨厌蘑菇的味道。
have;vt. 有；让；拿；从事；允许;I have a book in my bag. 我的包里有一本书。
has;v. 有，吃，得到，从事，允许，雇用，享有（have的第三人称单数）；（亲属关系中）接受；拿；买到;She has a lovely garden in her backyard. 她在后院有一个可爱的花园。
head;vt. 前进；用头顶；作为…的首领；站在…的前头；给…加标题;She decided to head towards the park for a relaxing walk. 她决定朝公园走去，进行一次轻松的散步。
hear;vi. 听；听见;I hear a beautiful melody from the piano. 我听到一曲美妙的钢琴旋律.
heart;vt. 鼓励；铭记;Hearts filled with courage overcome challenges. 带着勇气的心能克服挑战。
heat;vt. 使激动；把…加热;She tried to heat up the leftovers in the microwave. 她试图用微波炉把剩菜重新加热。
help;vt. 帮助；促进；治疗；补救;She asked for help with her homework. 她请求帮助来完成她的家庭作业.
hide;vt. 隐藏；隐瞒；鞭打;He tried to hide his embarrassment with a fake smile. 他试图用假笑来掩饰自己的尴尬。
hit;vt. 打击；袭击；碰撞；偶然发现；伤…的感情;He hit the ball with a strong swing. 他用有力的挥动击打了球。
hold;vi. 支持；有效；持续;He can't hold his breath for long. 他不能憋太久。
出现停用词, 再次尝试
hole;vt. 凿洞;He used a drill to hole through the wall. 他用钻头在墙上钻了个洞.
holiday;vi. 外出度假;They went on holiday to relax. 他们外出度假放松了一下.
home;vt. 归巢，回家;She loves to home to her cozy apartment after a long day at work. 她喜欢在一天漫长的工作后回到舒适的公寓。
hope;vi. 希望；期待；信赖;She hopes to pass the exam. 她希望通过考试。
horse;vt. 使骑马；系马于；捉弄;He likes to horse around in the yard. 他喜欢在院子里胡闹。
hot;vt. 增加；给…加温;She likes to hot chocolate in the microwave. 她喜欢在微波炉里加热巧克力饮料。
hotel;vt. 使…在饭店下榻;They hotel at the inn when traveling. 他们在旅途中住在客栈。
house;vt. 覆盖；给…房子住；把…储藏在房内;She decided to house her books in the new bookshelf. 她决定把她的书放在新的书架上。
hurry;v. 仓促（做某事）；催促；（朝某方向）迅速移动；迅速处理;I hurry to finish my homework before dinner. 我匆忙地在晚饭前完成我的作业。
hurt;vt. 使受伤；损害；使疼痛；使痛心;He hurt his knee while playing soccer. 他在踢足球时伤到了膝盖。
出现停用词, 再次尝试
husband;vt. 节约地使用（或管理）;He knows how to husband his resources wisely. 他知道如何节约地使用他的资源。
出现停用词, 再次尝试
ice;vt. 冰镇；结冰;The cold drinks are better when you ice them. 冷饮更好喝，当你给它们加冰。
imagine;vi. 想像；猜想；想像起来;I imagine a world where everyone is happy. 我想象着一个每个人都幸福的世界。
include;vt. 包含，包括;The ingredients include flour and sugar. 食材包括面粉和糖。
increase;vt. 增加，加大;He needs to increase his daily exercise routine. 他需要增加他的日常锻炼计划.
influence;vt. 影响；改变;Her positive attitude can influence others to be more optimistic. 她的积极态度可以影响他人变得更加乐观。
interest;vt. 使……感兴趣；引起……的关心；使……参与;He tried to interest his friend in the new book. 他试图让他的朋友对这本新书感兴趣。
interview;vt. 采访；接见；对…进行面谈；对某人进行面试;She has an interview with the company tomorrow. 她明天要和公司面谈。
introduce;vt. 介绍；引进；提出；采用;She will introduce her new friend to the class tomorrow. 她将在明天向班级介绍她的新朋友。
invent;vt. 发明；创造；虚构;She used her imagination to invent a new game. 她运用她的想象力发明了一个新游戏。
invite;vt. 邀请，招待；招致;She will invite her friends to the party. 她会邀请她的朋友参加派对。
island;vt. 孤立；使成岛状;He wanted to island himself from the noisy city. 他想要与喧嚣的城市隔绝开来。
jacket;vt. 给…穿夹克；给…装护套；给…包上护封；〈口〉打;He will jacket the book to protect it. 他会给这本书装上书衣来保护它.
出现停用词, 再次尝试
出现停用词, 再次尝试
job;vt. 承包；代客买卖;He will job the task to another company. 他将任务承包给另一家公司.
出现停用词, 再次尝试
join;vt. 参加；结合；连接;He decided to join the soccer team. 他决定加入足球队.
joke;vt. 开…的玩笑;He likes to joke around with his friends. 他喜欢和朋友开玩笑.
journey;vi. 旅行;I embarked on a thrilling journey through the mountains. 我开始了一场激动人心的山区旅行。
出现停用词, 再次尝试
jump;vt. 跳跃；使跳跃；跳过；突升;He tried to jump over the puddle. 他试图跳过水坑。
keep;vt. 保持；经营；遵守；饲养;He tries to keep his room clean every day. 他每天都努力保持自己的房间干净。
key;vt. 键入；锁上；调节…的音调；提供线索;She used the key to unlock the door. 她用钥匙打开了门.
keyboard;vt. 键入；用键盘式排字机排字;I use the keyboard to type messages. 我用键盘打字。
kick;vt. 踢；反冲，朝后座;He kicked the ball into the goal. 他把球踢进了球门。
kid;vt. 欺骗；取笑；戏弄;He likes to kid around with his friends. 他喜欢和朋友们开玩笑。
kill;vt. 杀死；扼杀；使终止；抵消;He couldn't bear to kill the spider in his room. 他不忍心杀死房间里的蜘蛛。
king;vi. 统治；做国王;The king ruled over the vast kingdom. 国王统治着广阔的王国.
kiss;vt. 吻；（风等）轻拂;He leaned in to gently kiss her cheek. 他俯身轻轻吻她的脸颊.
出现停用词, 再次尝试
kite;vi. 使用空头支票；像风筝一样飞；轻快地移动;He likes to kite checks, hoping they won't bounce. 他喜欢透支支票，希望它们不会被拒绝。
knee;vt. 用膝盖碰;He knelt on one knee to propose. 他单膝跪地求婚.
knife;vt. 用刀切；（口）伤害;He used a knife to cut the bread. 他用刀切面包。
knives;v. 用小刀切；刀切似的穿过（knife的三单形式）;He knives through the dense forest effortlessly. 他轻松地穿过茂密的森林。
knock;vi. 敲；打；敲击;He gave a gentle knock on the door. 他轻轻地敲了敲门。
know;vt. 知道；认识；懂得;I know the answer to the question. 我知道这个问题的答案。
lake;vt. （使）血球溶解;The chemicals can lake red blood cells. 化学物质能溶解红血球.
land;vt. 使…登陆；使…陷于；将…卸下;The plane will land at the airport soon. 飞机很快就要在机场降落。
出现停用词, 再次尝试
last;vi. 持续；维持，够用；持久;She couldn't last long in the intense heat. 她在酷热中坚持不了多久。
laugh;vi. 笑;She couldn't help but laugh at his joke. 她忍不住笑了起来。
law;vi. 起诉；控告;He decided to law charges against the company. 他决定对公司提起诉讼。
出现停用词, 再次尝试
lay;vt. 躺下；产卵；搁放；放置；铺放；涂，敷;She will lay the book on the table. 她会把书放在桌子上.
lead;vt. 领导；致使；引导；指挥;She will lead the team to victory. 她将带领团队取得胜利.
leaf;vi. 生叶；翻书页;The tree began to leaf after the warm spring weather arrived. 树在温暖的春天到来后开始长叶子.
leaves;v. 离开（leave的第三人称单数）;She leaves the office at 5 p.m. 她下午5点离开办公室。
learn;vt. 学习；得知；认识到;She wants to learn how to play the piano. 她想学会弹钢琴.
leave;vt. 离开；留下；遗忘；委托;She decided to leave the party early.她决定提早离开派对.
lend;vt. 贷；增添，提供；把……借给;She agreed to lend her friend some money. 她同意借钱给她的朋友.
lesson;vt. 教训；上课;She learned an important lesson from her mistake. 她从自己的错误中学到了重要的教训.
出现停用词, 再次尝试
出现停用词, 再次尝试
出现停用词, 再次尝试
let;vt. 允许，让；出租；假设；妨碍;Let me help you with that. 让我来帮你。
letter;vt. 写字母于;She wrote a letter to her friend yesterday. 她昨天给她的朋友写了一封信。
level;vi. 瞄准；拉平；变得平坦;He leveled his rifle at the target. 他把步枪瞄准了目标.
lie;vi. 躺；说谎；位于；展现;He lies on the couch reading a book. 他躺在沙发上看书.
lift;vt. 举起；提升；鼓舞；空运；抄袭;She struggled to lift the heavy box. 她努力举起沉重的箱子.
light;vi. 点着；变亮；着火;She lit the candle to create a cozy atmosphere. 她点燃蜡烛营造出舒适的氛围。
like;vt. 喜欢；想；愿意;She likes to read books. 她喜欢读书.
出现停用词, 再次尝试
出现停用词, 再次尝试
line;vt. 排成一行；划线于；以线条标示；使…起皱纹;He asked the students to line up outside the classroom. 他要求学生们在教室外排队。
出现停用词, 再次尝试
list;vi. 列于表上;She will list all the items on the table. 她会把桌子上的所有物品列出来.
listen;vi. 听，倾听；听从，听信;She likes to listen to music before bedtime. 她喜欢在睡前听音乐.
litter;vt. 乱丢；给…垫褥草；把…弄得乱七八糟;He decided to litter the room with confetti for the celebration. 他决定在庆祝活动中用彩纸撒满房间。
live;vt. 经历；度过;I live a happy life with my family. 我与家人过着幸福的生活。
lock;vt. 锁，锁上；隐藏;She locked the door before leaving. 她在离开前锁上了门.
long;vi. 渴望；热望;I long for the summer vacation. 我渴望暑假的到来.
look;vt. 看；期待；注意；面向；看上去像;She likes to look at the stars in the night sky. 她喜欢在夜空中看星星。
lose;vt. 浪费；使沉溺于；使迷路；遗失；错过;He tends to lose his keys easily. 他经常容易把钥匙弄丢。
出现停用词, 再次尝试
lot;v. （与形容词和副词连用）很，非常；（与动词连用）非常;She sings a lot better than I expected. 她唱得比我预料的好多了.
love;v. 爱，热爱；爱戴；赞美，称赞；喜爱；喜好；喜欢；爱慕;She loves to read books every night. 她喜欢每晚读书.
low;v. 低声地；谦卑地，低下地;He spoke low to avoid waking up the baby. 他低声说话以避免吵醒宝宝.
luck;vi. 靠运气，走运；凑巧碰上;He relied on luck to win the lottery. 他靠运气赢得了彩票。
lunch;vt. 吃午餐；供给午餐;She always enjoys her lunch break in the park. 她总是在公园里享受午餐时间。
machine;vt. 用机器制造;She used a machine to sew the dress. 她用机器缝制这件连衣裙.
make;vt. 使得；进行；布置，准备，整理；制造；认为；获得；形成；安排；引起；构成;He can make a cake with his mother. 他可以和他妈妈一起做蛋糕。
出现停用词, 再次尝试
man;vt. 操纵；给…配置人员；使增强勇气；在…就位;He can man the control panel during the night shift. 他可以在夜班时段操作控制面板。
manage;vt. 管理；经营；控制；设法;She can manage her time effectively, balancing work and play. 她能有效地安排时间，平衡工作和娱乐。
map;vt. 映射；计划；绘制地图；确定基因在染色体中的位置;He used a map to find his way through the city. 他用地图找到了穿越城市的路线.
mark;vi. 作记号;He marked the page with a highlighter. 他用荧光笔在页面上做了记号.
market;vt. 在市场上出售;She markets her handmade crafts online. 她在网上销售自己手工制作的工艺品.
marry;vt. 嫁；娶；与……结婚;They marry next month. 他们下个月结婚。
match;vt. 使比赛；使相配；敌得过，比得上；相配；与…竞争;He tried to match the colors of his socks with his shirt. 他尝试将袜子的颜色与衬衫搭配起来.
matter;vi. 有关系；要紧;The color of the curtains doesn't matter. 帘子的颜色无关紧要.
meal;vi. 进餐;I enjoy a hearty meal with my family every Sunday. 我每个星期天都和家人一起享用丰盛的饭菜。
mean;vt. 意味；想要；意欲;She didn't mean to hurt your feelings. 她并不是故意伤害你的感情.
meaning;v. 意味；意思是（mean的ing形式）;His silence had a deeper meaning. 他的沉默有更深层的含义。
medicine;vt. 用药物治疗；给…用药;She takes her medicine every morning. 她每天早上都吃药。
meet;vt. 满足；遇见；对付;She will meet her friends at the park tomorrow. 她明天将在公园与朋友们见面。
meeting;v. 会面；会合（meet的ing形式）;They are having a meeting to discuss the new project. 他们正在开会讨论新项目。
mention;vt. 提到，谈到；提及，论及；说起;She didn't mention the party to me. 她没有跟我提起聚会。
mess;vt. 弄乱，弄脏；毁坏；使就餐;She always makes a mess in her room and then complains about it. 她总是把自己的房间弄得乱七八糟，然后又抱怨起来。
出现停用词, 再次尝试
message;vi. 报信，报告；[通信] 报文;He sent a message to his friend about the upcoming party. 他给他的朋友发了一条关于即将举办的聚会的消息.
出现停用词, 再次尝试
meter;vt. 用仪表测量;He used a meter to measure the length of the room. 他用仪表测量房间的长度。
might;v. 可以；或许（may的过去式）；应该;She might arrive late to the party. 她可能会晚到派对。
出现停用词, 再次尝试
milk;vt. 榨取；挤…的奶;The farmer milks the cows every morning. 农民每天早上挤牛奶.
mind;vt. 介意；专心于；照料;I don't mind waiting for a few minutes.  我不介意等几分钟。
mine;vt. 开采，采掘；在…布雷;The miners will mine for gold. 矿工们将开采黄金.
出现停用词, 再次尝试
minute;vt. 将…记录下来;She took a minute to record the important details. 她花了一分钟记录重要的细节.
Miss;vt. 错过，想念，缺（勤）;She missed the train this morning. 她今天早晨错过了火车。
miss;vt. 错过，想念，缺（勤）;She always misses the bus in the morning. 她每天早上总是赶不上公交车。
出现停用词, 再次尝试
出现停用词, 再次尝试
出现停用词, 再次尝试
missing;v. 错过（miss的ing形式）；想念；漏掉;She realized she was missing her keys as she stood at the locked door. 她站在锁着的门前才意识到她的钥匙不见了.
mistake;vt. 弄错；误解;She made a mistake in her math homework. 她在数学作业中犯了一个错误.
mix;vt. 配制；混淆；使混和；使结交;She likes to mix different colors to create beautiful paintings. 她喜欢混合不同的颜色来创作漂亮的画作。
出现停用词, 再次尝试
出现停用词, 再次尝试
model;vt. 模拟；塑造；模仿;She likes to model for fashion magazines. 她喜欢为时尚杂志拍模特照片.
monkey;vi. 胡闹；捣蛋;The children were monkeying around in the playground. 孩子们在操场上胡闹。
出现停用词, 再次尝试
moon;vi. 闲荡；出神;He likes to moon around the park, lost in thought. 他喜欢在公园里闲荡，陷入沉思。
mother;vt. 生下；养育；像母亲般关怀或照管;She will mother her newborn with great care. 她会用心照顾她的新生儿.
mum;vi. 演哑剧;She acted like she couldn't speak, performing a mum act on stage. 她表演得像是不会说话，在舞台上演了一场哑剧.
出现停用词, 再次尝试
出现停用词, 再次尝试
mouse;vt. 探出;The cat tried to mouse out of its hiding spot. 猫试图从藏身之处探出来.
mouth;vt. 做作地说，装腔作势地说；喃喃地说出;She tends to mouth her words when she's nervous. 她在紧张时倾向于做作地说话.
move;vi. 移动；搬家，迁移；离开;She likes to move to the rhythm of the music. 她喜欢跟着音乐的节奏移动。
name;vt. 命名，任命；指定；称呼；提名；叫出;I name my pet dog Max. 我给我的宠物狗起名叫Max.
neck;vi. 搂著脖子亲吻；变狭窄;He gently wrapped his arms around her neck. 他轻柔地将双臂搂在她的脖子上。
need;vt. 需要;She needs help with her homework. 她需要帮助做作业。
neighbour;vt. 邻接;The houses neighbor each other on the street. 街上的房子相邻。
neighbor;vi. 友好；毗邻而居;My neighbor is friendly and lives next door. 他的邻居友好而且住在隔壁。
nod;vt. 点头；点头表示;She nodded in agreement. 她点头表示同意.
noise;vt. 谣传;The neighbors complain about the noise from the construction site. 邻居们抱怨建筑工地的噪音。
nose;vt. 嗅；用鼻子触;He can nose out the ripest fruits at the market. 他可以在市场上嗅出最熟的水果。
出现停用词, 再次尝试
note;vt. 注意；记录；注解;She noted down the important points during the meeting. 她在会议上记录下了重要的要点.
notice;vt. 通知；注意到；留心;I notice a bird singing outside my window. 我注意到窗外有只鸟在唱歌。
出现停用词, 再次尝试
number;vi. 计入；总数达到;He carefully counted the number of books on the shelf. 他仔细地数了数书架上的书。
nurse;vt. 看护，护理；照顾；培养；给…喂奶;She decided to nurse the injured bird back to health. 她决定护理那只受伤的小鸟。
object;vt. 提出…作为反对的理由;She decided to object to the proposed changes during the meeting. 她决定在会议上反对提出的改变.
offer;vt. 提供；出价；试图;She will offer her help to anyone in need. 她会向任何需要帮助的人提供帮助。
officer;vt. 指挥;The officer commanded the troops to advance. 军官命令部队前进。
oil;vt. 加油；涂油；使融化;He needs to oil the rusty door hinges. 他需要给生锈的门铰链加点油。
OK;v. 行；很好;Everything will be OK. 一切都会好的.
open;vi. 开始；展现;He opens the door with a key. 他用钥匙打开门。
order;vt. 命令；整理；定购;He placed an order for a new book online. 他在网上订购了一本新书。
out;v. 出现；在外；出局；出声地；不流行地;He always stands out in the crowd. 他总是在人群中脱颖而出.
over;v. 结束；越过；从头到尾;The game is over. 游戏结束了。
own;vt. 拥有；承认;I own a lovely cat named Whiskers. 我拥有一只可爱的猫，名字叫Whiskers.
page;vt. 给…标页码;I need to page through the book to find the information. 我需要翻书找到那个信息。
pain;vt. 使…痛苦；使…烦恼;The injection may pain him for a moment. 注射可能会让他痛苦一会儿.
paint;vt. 油漆；绘画；装饰；涂色于；描绘；（用语言，文字等）描写；擦脂粉等;She likes to paint colorful pictures. 她喜欢画彩色的图片.
pair;vt. 把…组成一对;She likes to pair her favorite socks. 她喜欢把她最喜欢的袜子搭配在一起.
pale;vt. 使失色；使变苍白；用栅栏围;His face turned pale when he heard the unexpected news. 他听到意外的消息时脸色变得苍白。
pancake;vt. 使平坠著陆；使平展;She flipped the pancake onto the plate. 她把煎饼翻到盘子上。
paper;vt. 用纸糊；用纸包装;She carefully papered the gift box. 她小心地用纸包装了礼盒。
pardon;vt. 原谅；赦免；宽恕;She pardoned him for his mistake. 她原谅了他的错误。
park;vt. 停放；放置；寄存;She parked her car in the garage. 她把车停在车库里.
part;vt. 分离；分配；分开;She decided to part ways with her old friends. 她决定与她的老朋友们分道扬镳。
party;vi. 参加社交聚会 [ 过去式 partied 过去分词 partied 现在分词 partying ];She loves to party with her friends every weekend. 她每个周末都喜欢和朋友一起参加聚会.
pass;vt. 通过；经过；传递;He tried to pass the ball to his teammate. 他试图把球传给他的队友.
pay;vt. 支付，付；偿还，补偿；给予;He will pay for the groceries at the checkout. 他将在结账时付款购买杂货。
pen;vt. 写；关入栏中;She used a pen to write a letter. 她用钢笔写信.
pencil;vt. 用铅笔写；用眉笔涂;I pencil my notes in class. 我在课堂上用铅笔记笔记.
people;vt. 居住于；使住满人;The island can only accommodate a small number of people. 这个岛屿只能容纳少数人。
perfect;vt. 使完美；使熟练;She practiced for hours to perfect her piano skills. 她练习了数小时以完善她的钢琴技巧.
pet;vt. 宠爱;She loves to pet her fluffy cat every evening. 她喜欢每天晚上抚摸她那只毛茸茸的猫.
出现停用词, 再次尝试
phone;vt. 打电话;He will phone his friend later. 他稍后会给他的朋友打电话.
photograph;vt. 为…拍照；使深深印入;She likes to photograph beautiful landscapes. 她喜欢拍摄美丽的风景。
pick;vi. 挑选；采摘；挖;He likes to pick fresh fruits from the garden. 他喜欢从花园里采摘新鲜的水果.
picnic;vi. 去野餐;We are going on a picnic this weekend. 我们这个周末要去野餐。
picture;vt. 画；想像；描写;She loves to picture herself as a famous artist. 她喜欢把自己想象成一位著名的艺术家.
pie;vt. 使杂乱;The kids accidentally pie the room during their playful food fight.  孩子们在调皮的食物战中不小心把房间弄得一团糟。
出现停用词, 再次尝试
piece;vt. 修补；接合；凑合;She used a piece of tape to mend the torn paper. 她用一小片胶带修补了撕裂的纸张。
pig;vi. 生小猪；像猪一样过活;The sow will pig soon. 母猪即将生小猪.
pilot;v. 驾驶；领航；试用;The captain will pilot the ship safely to harbor. 船长将安全驾驶船只进入港口.
pink;vt. 扎，刺，戳；使…变粉红色；使…面红耳赤;She accidentally pricked her finger on the rose thorn and it turned pink. 她不小心在玫瑰荆棘上扎了一下，手指变成了粉红色。
pioneer;vt. 开辟；倡导；提倡;She pioneered new techniques in the field of robotics. 她在机器人领域开拓了新的技术。
pity;vt. 对……表示怜悯；对……感到同情;I pity the lonely kitten in the rain. 我怜悯那只在雨中孤独的小猫.
place;vt. 放置；任命；寄予;She will place the book on the table. 她会把书放在桌子上。
plan;vt. 计划；设计；打算;She plans to travel to Europe next summer. 她打算下个夏天去欧洲旅行。
plane;vt. 刨平；用刨子刨；掠过水面;He used a plane to smooth the wooden surface. 他用刨子把木表刨平。
plant;vt. 种植；培养；栽培；安置;She loves to plant flowers in her garden. 她喜欢在花园里种花。
play;vt. 游戏；扮演；演奏；播放；同…比赛;She likes to play video games after school. 她喜欢放学后玩电子游戏.
please;vt. 使喜欢；使高兴，使满意;Please be kind to others, it's important. 请对别人友善，这很重要。
pleasure;vt. 使高兴；使满意;She takes pleasure in reading books. 她喜欢看书。
pocket;vt. 隐藏；忍受；将…放入衣袋;He pocketed the money without anyone noticing. 他在没有人注意的情况下把钱藏起来了。
出现停用词, 再次尝试
point;vt. 指向；弄尖；加标点于;She pointed to the sky. 她指着天空.
police;vt. 监督；管辖；维持治安；为…配备警察;The government police the area to maintain order. 政府监督该地区以维护秩序。
pollute;vt. 污染；玷污；败坏;The factories pollute the river with their waste. 工厂用废料污染了河流。
pool;vt. 合伙经营;They pool their money to buy groceries together. 他们合伙用钱一起买杂货.
post;vt. 张贴；公布；邮递；布置;She will post the notice on the bulletin board. 她将在布告板上张贴通知。
pound;vt. 捣烂；敲打；监禁，拘留;He used a hammer to pound the nails into the wood. 他用锤子把钉子敲进木头里。
practice;vt. 练习；实习；实行;She practices playing the piano every day. 她每天练习弹钢琴。
praise;vt. 赞美，歌颂；表扬;She always takes the time to praise her students for their hard work. 她总是花时间表扬她的学生们努力的工作。
prepare;vt. 准备；使适合；装备；起草;She needs time to prepare for the exam. 她需要时间准备考试.
出现停用词, 再次尝试
present;vt. 提出；介绍；呈现；赠送;She will present her project at the meeting. 她将在会议上展示她的项目.
price;vt. 给……定价；问……的价格;He priced the item at $10. 他给这件物品定价为10美元。
pride;vt. 使得意，以…自豪;She takes pride in her artwork. 她为自己的艺术品感到自豪。
出现停用词, 再次尝试
print;vt. 印刷；打印；刊载；用印刷体写；在…印花样;He needs to print out the document before the meeting. 他需要在会议前打印出这份文件。
prize;vt. 珍视；捕获；估价;She prized the handmade gift from her friend. 她珍视她朋友亲手制作的礼物.
produce;vt. 生产；引起；创作；生育，繁殖;She produces beautiful paintings in her studio. 她在工作室里创作出美丽的画作。
programme;vt. 规划；拟…计划;She will programme the schedule for next week. 她将安排下周的日程。
program;vt. 用程序指令；为…制订计划；为…安排节目;She will program the robot to perform various tasks. 她将为机器人编制程序来执行各种任务。
出现停用词, 再次尝试
progress;vi. 前进，进步；进行;He made progress in learning the piano. 他在学钢琴方面取得了进步.
project;vt. 设计；计划；发射；放映;I have a school project to design a poster. 我有一个学校项目要设计一张海报。
出现停用词, 再次尝试
promise;vt. 允诺，许诺；给人以…的指望或希望;She promised to help me with my homework tonight. 她答应今晚帮我做作业。
pronounce;vt. 发音；宣判；断言;She pronounces her name differently than I do. 她发音自己的名字跟我不同.
protect;vt. 保护，防卫；警戒;She wears a helmet to protect her head while riding a bike. 她骑自行车时戴头盔保护头部。
provide;vt. 提供；规定；准备；装备;The school cafeteria provides nutritious meals for students. 学校食堂为学生提供营养丰富的餐食.
pull;vt. 拉；拔；拖;She pulled the rope with all her strength. 她用尽全力拉着绳子。
punish;vt. 惩罚；严厉对待；贪婪地吃喝;He punished his son for disobeying the rules. 他因为违反规定惩罚了他的儿子。
purple;vt. 使成紫色;She likes to dye her hair purple. 她喜欢把头发染成紫色.
出现停用词, 再次尝试
purpose;vt. 决心；企图；打算;She purposefully practiced the piano every day. 她每天都刻意地练习钢琴.
push;vi. 推进；增加；努力争取;He pushed the door open with all his strength. 他用尽全力推开了门。
put;vi. 出发；击；航行；发芽;He put on his coat and left the house. 他穿上外套离开了房子。
出现停用词, 再次尝试
出现停用词, 再次尝试
quarter;vt. 将…四等分；供某人住宿;She decided to quarter the sandwich to share it with her friends. 她决定将三明治四等分来和朋友们分享.
出现停用词, 再次尝试
queen;vt. 使…成为女王或王后;She dreams of a magical land where she can queen over all the creatures. 她梦想着一个她能够统治所有生物的神奇国度。
question;vt. 询问；怀疑；审问;He didn't question her decision. 他没有质疑她的决定。
quiet;vt. 使平息；安慰;He tried to quiet the crying baby by singing a lullaby. 他试图通过唱摇篮曲来安抚哭泣的婴儿。
rabbit;vt. 让…见鬼去吧;The magician will rabbit a coin for his next trick. 魔术师将会让硬币在下一个魔术中消失.
race;vt. 使参加比赛；和…竞赛；使急走，使全速行进;He raced against time to finish his homework. 他为了完成作业而与时间赛跑。
出现停用词, 再次尝试
radio;vt. 用无线电发送;He radios to the team to come to his aid. 他无线电向队伍发出求救。
railway;vi. 乘火车旅行;She enjoys traveling by railway. 她喜欢乘火车旅行.
rain;vt. 大量地给；使大量落下;The farmer uses irrigation to rain water onto his crops. 农民使用灌溉系统给作物降雨水.
raise;vt. 提高；筹集；养育；升起;She wants to raise money for charity. 她想为慈善筹款。
reach;vi. 达到；延伸；伸出手；传开;She stretched her arm to reach the cookie jar on the top shelf. 她伸出手臂去够顶层的饼干罐。
read;vi. 读；读起来;She loves to read novels in her free time. 她喜欢在空闲时间读小说。
ready;vt. 使准备好;She is ready for the exam. 她已经准备好参加考试了。
realise;vt. 实现, 认识到, 体会到, 了解, 认清, 使显得逼真, 变卖财产为现钱;She didn't realize the importance of time until it was too late. 她直到为时已晚才意识到时间的重要性。
realize;vt. 实现；认识到；了解；将某物卖得，把(证券等)变成现钱；变卖;She didn't realize her mistake until it was too late. 她直到为时已晚才意识到了她的错误。
reason;vt. 说服；推论；辩论;She tried to reason with her parents, but they wouldn't change their minds. 她试图说服父母，但他们不愿改变主意。
receive;vt. 收到；接待；接纳;She will receive a gift on her birthday. 她将在生日收到一份礼物.
record;vt. 记录，记载；标明；将...录音;She used a pen to record her thoughts in the notebook. 她用钢笔记录她的想法在笔记本上.
refuse;vi. 拒绝;She will refuse to eat vegetables. 她会拒绝吃蔬菜.
regret;vi. 感到后悔；感到抱歉;I regret not studying harder for the exam. 我后悔没有更努力地学习准备考试。
relax;vi. 放松，休息；松懈，松弛；变从容；休养;I need to relax after a busy day at work.  我需要在工作一天后放松一下。
remain;vi. 保持；依然；留下；剩余；逗留；残存;She decided to remain at home instead of going out with her friends. 她决定留在家里，而不是和朋友们出去。
remember;vi. 记得，记起;She always remembers to feed her cat. 她总是记得给她的猫喂食.
repair;vt. 修理；恢复；补救，纠正;He will repair the broken chair. 他会修理那把坏掉的椅子。
repeat;vi. 重做；重复发生;She didn't understand the instructions, so she asked the teacher to repeat them. 她没听懂说明, 所以她让老师重复一遍.
reply;vt. 回答；答复;He didn't reply to my message. 他没有回复我的消息。
report;vt. 报告；报导；使报到;She needs to report her findings to the manager. 她需要向经理报告她的发现。
require;vt. 需要；要求；命令;Schools often require students to wear uniforms. 学校通常要求学生穿校服。
research;vt. 研究；调查;She researched the topic thoroughly before writing her paper. 她在写论文之前彻底研究了这个话题.
rest;vt. 使休息，使轻松；把…寄托于;She decided to rest after a long day of work. 她决定在一天的工作之后休息一下。
result;vi. 结果；导致；产生;His hard work will result in success. 他的努力将会取得成功。
return;vi. 返回；报答;She will return home after school. 她放学后会回家。
review;vt. 回顾；检查；复审;I'll review my notes before the exam. 我会在考试前复习我的笔记。
rice;vt. 把…捣成米糊状;She will rice the potatoes for the mashed potatoes. 她将土豆捣成土豆泥。
ride;vi. 骑马；乘车；依靠；漂浮;She likes to ride her bike to school every day. 她喜欢每天骑自行车上学。
right;vt. 纠正;She tried to right the overturned chair. 她试图把翻倒的椅子扶正。
ring;vi. 按铃；敲钟；回响；成环形;The phone began to ring incessantly. 电话开始不停地响起。
rise;vt. 使…飞起；使…浮上水面;The sun's warmth helps rise the balloons into the sky. 太阳的温暖帮助气球升上天空。
risk;vt. 冒…的危险;He didn't want to risk failing the exam. 他不想冒考试不及格的风险.
road;vt. （狗）沿臭迹追逐（猎物）;The dog was trained to road the rabbit. 狗被训练成沿着兔子的臭迹追逐。
rock;vt. 摇动；使摇晃;She rocked the baby gently to sleep. 她轻轻地摇动婴儿入睡。
room;vt. 为…提供住处；租房，合住；投宿，住宿；留…住宿;She roomed with her friend during the conference. 她在会议期间和朋友合住。
rope;vt. 捆，绑;He used a rope to tie the package securely. 他用绳子牢固地捆绑着包裹。
rose;vt. 使成玫瑰色，使（面颊）发红；使有玫瑰香味;She rose from her seat and walked to the front of the room. 她从座位上站起来走到了房间前面。
出现停用词, 再次尝试
round;vt. 完成；围捕；绕行；弄圆;He rounded the corner quickly. 他迅速地拐过了角落。
row;vt. 划船；使……成排;He taught his son how to row a boat. 他教他儿子如何划船。
rule;vt. 统治；规定；管理；裁决；支配;He always follows the rule of being kind to others. 他总是遵循着对他人友善的规则。
run;vt. 管理，经营；运行；参赛;She runs a small business from home. 她在家经营一家小生意.
rush;vt. 使冲；突袭；匆忙地做；飞跃;She rushed to catch the bus before it left. 她匆忙地赶去赶上公交车离开.
salt;vt. 用盐腌；给…加盐；将盐撒在道路上使冰或雪融化;She likes to salt her food before tasting it. 她喜欢在尝之前给食物加盐。
sand;vt. 撒沙于；以沙掩盖；用砂纸等擦平或磨光某物；使撒沙似地布满；给…掺沙子;He decided to sand the wooden table to make it smooth. 他决定用砂纸打磨木桌，使其变得光滑。
出现停用词, 再次尝试
sandwich;vt. 夹入；挤进；把...做成三明治;She sandwiched her favorite toppings between two slices of bread. 她在两片面包中夹入了她最喜欢的配料。
satisfy;vi. 令人满意；令人满足;She ate the delicious cake to satisfy her sweet tooth. 她吃下了美味的蛋糕以满足她的甜食欲。
出现停用词, 再次尝试
save;vi. 节省；挽救;He tries to save money by cutting unnecessary expenses. 他通过削减不必要的开支来节省钱。
出现停用词, 再次尝试
say;vt. 讲；说明；例如；声称；假设；指明;He didn't say a word during the meeting. 他在会议中一言未发。
出现停用词, 再次尝试
scarf;vt. 披嵌接；用围巾围;She decided to scarf her neck with a warm woolen scarf. 她决定用一条温暖的羊毛围巾围着脖子。
school;vt. 教育;She will school her puppy to behave. 她会训练她的小狗乖乖的。
出现停用词, 再次尝试
scissors;v. 剪开；删除（scissor的第三人称单数）;She scissors the paper neatly. 她将纸剪得整整齐齐。
score;vt. 获得；评价；划线，刻划；把…记下;He scored a goal in the soccer match. 他在足球比赛中进球了。
screen;vt. 筛；拍摄；放映；掩蔽;He used a screen to protect his plants from insects. 他用一张纱网保护植物不受昆虫侵扰。
search;vt. 搜索；搜寻；调查；搜查；探求;He searched the entire house for his lost keys. 他在整个房子里搜寻他丢失的钥匙。
season;vt. 给…调味；使适应;She likes to season her food with salt and pepper. 她喜欢用盐和胡椒给食物调味。
seat;vt. 使…坐下；可容纳…的；使就职;She found a comfortable seat in the cinema. 她在电影院找到了一个舒适的座位.
second;vt. 支持;He seconded her proposal during the meeting. 他在会议上支持了她的提议.
see;vi. 看；看见；领会;I see a bird in the sky. 我看见天空中的一只鸟。
seem;vi. 似乎；像是；装作;She didn't seem interested in the conversation. 她似乎对这个对话不感兴趣。
sell;vt. 销售；推销；出卖；欺骗;He decided to sell his old bike to buy a new one. 他决定卖掉他的旧自行车买一辆新的。
send;vi. 派人；寄信;I'll send you the file by email. 我会通过邮件把文件发给你.
sense;vt. 感觉到；检测;He could sense danger lurking in the shadows. 他能感觉到危险潜伏在阴影中。
sentence;vt. 判决，宣判;She received a harsh sentence for her actions. 她因为她的行为受到了严厉的判决.
separate;vt. 使分离；使分开；使分居;They use a curtain to separate the living room from the dining area. 他们用窗帘将客厅和餐厅分开。
serve;vi. 服役，服务；适合，足够；发球；招待，侍候;He decided to serve in the military after graduation. 他决定毕业后从军服役。
service;vt. 维修，检修；保养;He serviced his car regularly to keep it running smoothly. 他定期维修汽车以保持其正常运行。
set;vi. (日,月)落沉；凝固；结果;The sun sets in the west. 太阳在西方落下。
shake;vt. 动摇；摇动；震动；握手;She tried to shake the sand out of her shoes. 她试图把鞋子里的沙子甩出来。
shame;vt. 使丢脸，使羞愧;He was shamed when his teacher scolded him in front of the class. 他在全班面前被老师责骂，感到很丢脸。
shape;vt. 形成；塑造，使成形；使符合;She used clay to shape a beautiful vase. 她用黏土塑造了一个漂亮的花瓶.
share;vt. 分享，分担；分配;She likes to share her toys with her friends. 她喜欢和朋友分享她的玩具.
shine;vt. 照射，擦亮；把…的光投向；（口）通过擦拭使…变得有光泽或光;The sun will shine brightly in the sky tomorrow. 明天太阳将在天空中明亮照耀。
ship;vt. 运送，乘船；以船运送;He will ship the package tomorrow. 他明天将运送包裹.
shoe;vt. 给……穿上鞋；穿……鞋;She helps her child to shoe their feet. 她帮助她的孩子穿上鞋子。
shop;vt. 购物;She likes to shop for clothes on weekends. 她喜欢在周末购买衣服.
shoulder;vi. 用肩推挤，用肩顶;She shouldered her backpack and headed to school. 她扛起背包去上学了。
出现停用词, 再次尝试
shout;vi. 呼喊；喊叫；大声说;He heard someone shout in the distance. 他听到远处有人大喊大叫。
出现停用词, 再次尝试
出现停用词, 再次尝试
show;vt. 显示；说明；演出；展出;He will show us how to solve the math problem. 他会向我们展示如何解决这道数学问题。
出现停用词, 再次尝试
shower;vt. 大量地给予；把……弄湿;She showered her plants with water every morning. 她每天早晨都给她的植物浇水.
shut;vi. 关上；停止营业;He decided to shut the door quietly. 他决定悄悄关上门。
shy;vi. 投；畏缩；惊退；厌恶;She felt too shy to speak up in front of the class. 她感到太害羞，在班上不敢开口。
sick;vt. 使狗去咬；呕吐；追击;The dog got sick after eating something from the garbage. 狗吃了垃圾后生病了。
side;vt. 同意，支持;I side with her decision to pursue her passion for art. 我支持她追求艺术的决定.
sign;vt. 签署；示意;She will sign the contract tomorrow. 她明天将签署合同.
出现停用词, 再次尝试
silence;vt. 使沉默；使安静；压制；消除噪音;The teacher asked the class to silence their phones during the exam. 老师要求学生们在考试期间将手机静音。
silk;vi. （玉米）处于长须的阶段中;The silk on the corn is in the tassel stage. 玉米上的丝处于长穗阶段。
silver;vt. 镀银；使有银色光泽;She decided to silver her favorite necklace to give it a shiny look. 她决定给她最喜欢的项链镀上银色，使其闪闪发光。
出现停用词, 再次尝试
sing;vt. 唱；用诗赞颂；唱着使;She loves to sing in the choir every Sunday. 她每个星期日都喜欢在唱诗班唱歌.
出现停用词, 再次尝试
single;vt. 选出;She is single and looking for a partner. 她单身并正在寻找伴侣。
sit;vi. 坐；位于;She likes to sit by the window and read. 她喜欢坐在窗边看书.
size;vt. 依大小排列;She sized the dress before purchasing it. 她在购买之前对这件连衣裙进行了尺寸检查.
skate;vi. 滑冰；滑过;He loves to skate on the frozen lake. 他喜欢在冰冻的湖面上滑冰.
skirt;vt. 绕过，回避；位于…边缘;She decided to skirt around the issue rather than confront it directly. 她决定绕过这个问题而不是直接面对它.
sky;vt. 把…投向空中；把…挂得过高;She sky the ball over the net. 她把球打向网上方.
sleep;vi. 睡，睡觉;He likes to sleep late on weekends. 他喜欢周末晚睡觉。
slow;vt. 放慢；阻碍;He tried to slow down the car on the slippery road. 他试图在湿滑的路上减速汽车。
smell;vt. 嗅，闻；察觉到；发出…的气味;He could smell the delicious aroma of freshly baked bread. 他能闻到新鲜烤面包的香气。
smile;vt. 微笑着表示;She couldn't help but smile when she saw the cute puppy. 她看到那只可爱的小狗时忍不住微笑。
smoke;vt. 吸烟；抽;He used to smoke cigarettes but quit last year. 他过去抽烟，但去年戒了。
smooth;vt. 使光滑；消除（障碍等）；使优雅；缓和;She used a towel to smooth out the wrinkles in the fabric. 她用毛巾把布料上的皱褶熨平。
snake;vt. 拉（木材等）；迂回前进;The snake slithered through the grass silently. 蛇在草丛中悄无声息地蠕动。
snow;vt. 使纷纷落下；使变白;The snow fell softly outside the window. 雪花在窗外轻轻飘落。
sock;vt. 重击；给……穿袜;He socked his opponent in the jaw during the fight. 他在打斗中猛击了对手的下巴。
solve;vt. 解决；解答；溶解;She can solve the puzzle quickly. 她可以很快解开这个谜题.
sound;vt. 听（诊）；测量，测…深；使发声；试探；宣告;He used a stethoscope to sound her chest. 他用听诊器听她的胸腔.
soup;vt. 加速；增加马力;The car owner decided to soup up his old vehicle with a powerful engine.  车主决定给他的旧车安装一个强大的引擎。
space;vt. 隔开;He used a book to space the tiles evenly. 他用一本书把瓷砖隔开以保持间距。
spare;vt. 节约，吝惜；饶恕；分出，分让;He decided to spare some time for a hobby. 他决定抽出一些时间来追求爱好。
speak;vi. 说话；演讲；表明；陈述;She doesn't speak much in class. 她在课堂上不怎么说话.
speed;vt. 加快…的速度；使成功，使繁荣;He tried to speed up the process by using new technology. 他试图通过使用新技术加快进程。
spell;vi. 拼字；轮替;He couldn't spell the word correctly. 他无法正确拼写这个单词.
spend;vt. 度过，消磨（时光）；花费；浪费；用尽;I spend my weekends exploring new places. 我周末花时间探索新地方。
spirit;vt. 鼓励；鼓舞；诱拐;She tried to spirit away the stray kitten to safety. 她试图把那只流浪小猫偷偷带到安全的地方。
出现停用词, 再次尝试
出现停用词, 再次尝试
spoon;vt. 用匙舀；使成匙状;She used a spoon to scoop ice cream. 她用匙舀冰淇淋.
sport;vt. 游戏；参加体育运动；夸耀;He likes to sport his new sneakers at school. 他喜欢在学校炫耀他的新运动鞋。
spread;vt. 传播，散布；展开；伸展；铺开;The news spread quickly through the small town. 新闻迅速传播到小镇上。
spring;vt. 使跳起；使爆炸；突然提出；使弹开;He sprung out of bed as soon as the alarm rang. 他一听到闹钟响就跳起床来。
square;vt. 使成方形；与…一致;She squared the papers neatly on the desk. 她把文件整齐地摆放在桌子上。
stamp;vt. 铭记；标出；盖章于…；贴邮票于…；用脚踩踏;He stamped his passport before boarding the plane. 他在登机前盖了护照章。
stand;vi. 站立；位于；停滞;She stood by the window, gazing at the sunset. 她站在窗边，凝视着日落。
star;vt. 用星号标于；由…主演，由…担任主角;He starred in the new movie. 他在新电影中担任主角.
出现停用词, 再次尝试
start;vt. 开始；启动;She will start her new job next Monday. 她将于下周一开始她的新工作。
state;vt. 规定；声明；陈述;She needs to clearly state her opinion during the meeting.她需要在会议上明确陈述她的观点.
station;vt. 配置；安置；驻扎;They station troops along the border. 他们在边境沿线驻扎了军队.
stay;vi. 停留；坚持；暂住；停下;She decided to stay at home and relax for the evening. 她决定留在家里放松一晚上.
steal;vt. 剽窃；偷偷地做；偷窃;She tried to steal the cookies from the jar when no one was looking. 她趁没人注意的时候试图偷饼干罐里的饼干.
step;vt. 走，迈步;He took a step forward. 他向前迈出一步。
stick;vi. 坚持；伸出；粘住;He can stick to his decision despite criticism. 他能坚持自己的决定，尽管受到批评。
still;v. 仍然；更；静止地;She is still waiting for the bus. 她仍在等待公共汽车。
stomach;vt. 忍受；吃下;He couldn't stomach the thought of eating snails. 他无法忍受吃蜗牛的想法.
stone;vt. 向扔石块；用石头铺;He stone the window to break in. 他用石头砸破窗户进去了.
stop;vi. 停止；中止；逗留；被塞住;He stopped to catch his breath. 他停下来喘口气。
store;vt. 贮藏，储存;She likes to store her old clothes in the attic. 她喜欢把旧衣服存放在阁楼里。
storm;vt. 猛攻；怒骂;The team decided to storm the opposing team's goal during the soccer match. 他们决定在足球比赛中猛攻对方球门。
story;vt. 用历史故事画装饰;She decided to story her bedroom walls with colorful paintings. 她决定用丰富多彩的画作装饰她的卧室墙壁.
study;vt. 学习；考虑；攻读；细察;She likes to study in the library every evening. 她喜欢每天晚上在图书馆学习。
subject;vt. 使…隶属；使屈从于…;The teacher will subject the students to a surprise quiz tomorrow. 明天老师将让学生们应考一个突发测验。
succeed;vi. 成功；继承；继任；兴旺;She worked hard and managed to succeed in her exams. 她努力学习，成功通过了考试。
出现停用词, 再次尝试
sugar;vt. 加糖于；粉饰;She likes to sugar her coffee in the morning. 她喜欢在早上给咖啡加糖。
出现停用词, 再次尝试
suggest;vt. 提议，建议；启发；使人想起；显示；暗示;She didn't directly suggest a solution, but her hints were clear. 她没有直接提出解决方案，但她的暗示很明显。
summer;vi. 避暑；过夏天;I love to swim during the summer. 我喜欢在夏天游泳。
sun;vt. 使晒;The sun shines brightly in the sky. 太阳在天空中明亮地照耀着。
support;vt. 支持，支撑，支援；扶持，帮助；赡养，供养;He supports his friend through difficult times. 他在朋友困难时期支持他。
suppose;vt. 假设；认为；让（虚拟语气）；推想;I suppose the weather will be sunny tomorrow. 我假设明天天气会晴朗。
surface;vt. 使浮出水面；使成平面;He watched the bubbles surface in the water. 他看着水里的气泡浮出水面。
surprise;vt. 使惊奇；奇袭;The magician used a hidden trapdoor to surprise the audience.  魔术师利用一个隐藏的活动门使观众惊奇。
survey;vt. 调查；勘测；俯瞰;I'll survey the students to gather their opinions on the new cafeteria menu.  我将调查学生们对新餐厅菜单的意见。
swim;vi. 游泳；漂浮；浸；眩晕;She loves to swim in the ocean during the summer. 她喜欢在夏天在海里游泳。
swimming;v. 游泳；漂浮；旋转（swim的ing形式）;She enjoys swimming in the clear blue pool. 她喜欢在清澈的蓝色泳池里游泳。
table;vt. 制表；搁置；嵌合;They will table the discussion until next week. 他们将把讨论推迟到下周。
出现停用词, 再次尝试
tail;vt. 尾随；装上尾巴;He decided to tail the suspect discreetly. 他决定悄悄地尾随嫌疑犯.
take;vi. 拿；获得;He will take the book from the shelf. 他将从书架上拿走这本书。
talk;vi. 谈话；说闲话;She loves to talk with her friends after school. 她喜欢放学后和朋友们聊天.
tape;vt. 录音；用带子捆扎；用胶布把…封住;He taped the box shut before mailing it. 他在邮寄前用胶带把盒子封好了。
task;vt. 分派任务;He tasked his team with completing the project on time. 他分派任务给他的团队，要求他们按时完成项目。
taste;vt. 尝；体验;The soup tastes delicious. 这碗汤尝起来很美味。
taxi;vt. 使滑行；用出租车送;The airplane taxied down the runway before takeoff. 飞机在起飞前在跑道上滑行。
tea;vt. 给…沏茶;She likes to tea for her guests. 她喜欢给客人沏茶.
teach;vt. 教；教授；教导;She loves to teach her students new things every day. 她喜欢每天教她的学生新知识。
出现停用词, 再次尝试
team;vt. 使合作;He likes to team up with his friends for sports. 他喜欢和朋友们合作进行运动。
telephone;vt. 打电话给…;I'll call my friend on the telephone later. 以后我会用电话给我的朋友打电话。
tell;vt. 告诉，说；辨别；吩咐；断定;He didn't tell anyone about his secret. 他没有告诉任何人他的秘密。
term;vt. 把…叫做;He decided to term the new invention "Smartinator." 他决定将这个新发明称为“智能化器”。
test;vt. 试验；测试;She will test the new recipe tonight. 她今晚会试验这个新食谱。
text;vt. 发短信;She likes to text her friends after school. 她放学后喜欢给朋友发短信。
thank;vt. 感谢;I want to thank you for your help. 我想感谢你的帮助。
出现停用词, 再次尝试
thin;vt. 使瘦；使淡；使稀疏;She tries to thin her soup with water. 她试图用水稀释她的汤。
think;vi. 想；认为;She thinks the movie is boring. 她认为这部电影很无聊。
thought;v. 想，思考；认为（think的过去式和过去分词）;He thought about the problem all night. 他整夜思考这个问题。
throw;vt. 投；抛；掷;He likes to throw the ball to his dog. 他喜欢把球扔给他的狗.
ticket;vt. 加标签于；指派；对…开出交通违规罚单;She ticketed the luggage before boarding the plane. 她在登机前给行李贴了标签。
出现停用词, 再次尝试
出现停用词, 再次尝试
tidy;vi. 整理；收拾;She tidied up her room before guests arrived. 她在客人到来之前整理了她的房间.
tie;vi. 打结；不分胜负；被用带（或绳子等）系住;He couldn't tie the knot because his hands were shaking too much. 他因为手抖太厉害而无法打结。
出现停用词, 再次尝试
出现停用词, 再次尝试
time;vt. 计时；测定…的时间；安排…的速度;He used his stopwatch to time the race. 他用他的秒表计时比赛。
tired;v. 疲倦；对…腻烦（tire的过去分词形式）;She looked tired after a long day at work. 她在工作了一整天后看起来很疲倦。
toilet;vt. 给…梳妆打扮;She decided to toilet her hair before the party. 她决定在派对前给自己梳妆打扮一下.
tool;vt. 用工具给……加工;He used a hammer as a tool to fix the broken chair. 他用锤子作为工具来修理坏掉的椅子。
tooth;vt. 给……装齿;The dentist will tooth the gears to ensure they work smoothly. 牙医会给齿轮装齿以确保它们运转顺畅。
top;vt. 超越，超过；给…加盖；达到…的顶端;He tried to top the high score in the game. 他试图在游戏中超越最高分。
total;vt. 总数达;The total number of participants reached 100. 参与者的总数达到了100人。
touch;vt. 接触；触动；使轻度受害;She reached out to touch the soft petals of the flower. 她伸手去触摸花朵柔软的花瓣。
tour;vt. 旅行，在……旅游；在……作巡回演出;He likes to tour different countries during his vacations. 他喜欢在假期期间游览不同的国家。
tourist;vt. 在旅行参观;The tourist takes photos of the famous landmark. 游客在拍摄着著名地标。
tower;vi. 高耸；超越;The towered over the city skyline. 高耸于城市天际线之上.
toy;vi. 玩弄；调情；随随便便地对待;He likes to toy with his food before eating it. 他喜欢在吃之前玩弄食物。
trade;vt. 用…进行交换;She traded her toy for a candy. 她用她的玩具换了一颗糖.
traffic;vt. 用…作交换；在…通行;The police officer directed traffic at the intersection. 警察在十字路口指挥交通。
train;v. 培养；训练；瞄准;She trains her dog to sit and stay. 她训练她的狗坐下并保持安静.
training;v. 训练；教养（train的ing形式）;She is currently undergoing training to become a certified lifeguard. 她目前正在接受培训，以成为一名有资质的救生员。
出现停用词, 再次尝试
出现停用词, 再次尝试
translate;vt. 翻译；转化；解释；转变为；调动;She can translate the document from Spanish to English. 她可以将文件从西班牙语翻译成英语。
travel;vt. 经过；在…旅行;She loves to travel to exotic places during her vacations. 她喜欢在假期去异国他乡旅行。
treasure;vt. 珍爱；珍藏;He decided to treasure the old photo as a cherished memory. 他决定将这张老照片视为一段珍贵的回忆。
treat;vi. 探讨；请客；协商;She decided to treat her friends to ice cream after the movie.她决定在电影结束后请她的朋友吃冰淇淋.
tree;vt. 把...赶上树;He tried to tree the cat but failed. 他试图把猫赶上树，但失败了。
trip;vt. 绊倒；使犯错;She tripped over the uneven pavement. 她在不平整的人行道上绊了一跤。
trouble;vt. 麻烦；使烦恼；折磨;He always seems to trouble his classmates during class. 他总是在课堂上让同学们感到烦恼.
出现停用词, 再次尝试
truck;vt. 交易；以卡车运输;He trucked his goods to the market. 他用卡车把货物运到市场。
true;vt. 装准;He aimed true and hit the target. 他瞄准准确地击中了目标。
trust;vt. 信任，信赖；盼望；赊卖给;I trust my best friend with all my secrets. 我对我的好朋友完全信任，不保留任何秘密。
try;vt. 试图，努力；试验；审判；考验;She will try her best to finish the project on time. 她会尽力按时完成这个项目.
turn;vi. 转向；转变；转动;He decided to turn left at the intersection. 他决定在十字路口左转。
understand;vi. 理解；懂得；熟悉;She couldn't understand the instructions. 她无法理解那些说明。
till;vt. 耕种；犁;He tills the soil to plant crops. 他耕地种庄稼.
use;vt. 利用；耗费;She knows how to use a computer effectively. 她知道如何有效地使用电脑.
used;v. 用（use的过去式）；（used to）过去常做;She used her creativity to solve the problem.她运用创造力解决问题.
vacation;vi. 休假，度假;I enjoy taking a vacation during the summer break. 我喜欢在暑假期间度假。
value;vt. 评价；重视；估价;She values honesty in her friendships. 她在友谊中看重诚实。
video;v. 录制;She likes to video her cat playing. 她喜欢录制她的猫玩耍。
visit;vt. 访问；参观；视察;She will visit her grandmother in the hospital tomorrow. 她明天会去医院看奶奶。
voice;vt. 表达；吐露;He voiced his opinions during the meeting. 他在会议中表达了他的意见。
wait;vi. 等待；耽搁；伺候用餐;I can't wait for the weekend to relax. 等不及周末放松了。
wake;vt. 叫醒；激发;She used an alarm clock to wake up early. 她用闹钟早起。
walk;vi. 走，步行；散步;He likes to walk in the park every morning. 他喜欢每天早晨在公园里散步.
wall;vt. 用墙围住，围以墙;He will wall the garden to keep the rabbits out. 他会用墙围住花园，以防止兔子进来。
want;vt. 需要；希望；应该；缺少;I want a new book for my birthday. 我希望在我的生日时能得到一本新书。
war;vi. 打仗，作战；对抗;The two countries are at war. 这两个国家在交战。
出现停用词, 再次尝试
出现停用词, 再次尝试
warm;vt. 使…兴奋；使…温暖；使…感兴趣;She used her kind words to warm the hearts of everyone in the room. 她用她温暖的话语温暖了房间里每个人的心灵.
warn;vt. 警告，提醒；通知;She warned her friend about the icy sidewalks. 她提醒她的朋友注意结冰的人行道。
wash;vt. 洗涤；洗刷；冲走；拍打;She washes her hands before every meal. 她每顿饭前都洗手。
waste;vt. 浪费；消耗；使荒芜;He wasted his time playing video games. 他浪费了时间玩电子游戏.
watch;vt. 观察；注视；看守；警戒;He likes to watch birds in the park. 他喜欢在公园里观察鸟类。
water;vt. 使湿；供以水；给…浇水;She watered the plants in the garden. 她给花园里的植物浇水。
wear;v. 穿着；用旧；耗损；面露;She wears a beautiful dress to the party. 她穿着一件漂亮的裙子去参加派对.
weather;vt. 经受住；使风化；侵蚀；使受风吹雨打;The statue has weathered many storms over the years. 雕像经受住了多年的风雨洗礼.
weekend;vi. 度周末;I relax at home on the weekend. 我周末在家放松。
weigh;vt. 权衡；考虑；称…重量;She needs to weigh her options before making a decision. 她需要权衡一下自己的选择再做决定。
weight;vt. 加重量于，使变重;He needs to weight the package before shipping it. 他需要在发货前给包裹称重。
welcome;vt. 欢迎;Everyone gathered to welcome the new student. 欢迎新同学的到来.
wet;vt. 弄湿;She accidentally spilled water on the table, making it wet. 她不小心把水洒在桌子上，把它弄湿了。
wheel;vt. 转动；使变换方向；给…装轮子;He wheeled his bike into the garage. 他把自行车推进了车库。
出现停用词, 再次尝试
出现停用词, 再次尝试
while;vt. 消磨；轻松地度过;He whiles away the afternoon reading in the garden. 他在花园里消磨了下午的时光阅读。
will;vt. 决心要；遗赠；用意志力使;She will study hard to achieve her goals. 她会努力学习以实现她的目标.
win;vt. 赢得；在…中获胜；劝诱;She always strives to win every competition. 她总是努力赢得每一场比赛.
wind;vi. 缠绕；上发条；吹响号角;She tried to wind the clock but couldn't figure out how. 她试图给时钟上发条，但是弄不明白怎么做。
wing;vt. 使飞；飞过；空运；增加…速度；装以翼;The bird spreads its wings and soars into the sky. 这只鸟展开翅膀飞入天空。
winter;vi. 过冬;I enjoy skiing in the winter. 我喜欢在冬天滑雪。
wise;vt. 使知道；教导;He wisely guided his friend through the challenging maze. 他明智地引导他的朋友穿越这个复杂的迷宫。
wish;vt. 祝愿；渴望；向…致问候语;I wish to visit Paris next summer. 我希望明年夏天去巴黎。
wonder;vi. 怀疑；想知道；惊讶;I wonder what the weather will be like tomorrow. 我想知道明天的天气会怎样。
wood;vt. 植林于；给…添加木柴;They wood the area to replenish the forest. 他们在该地区进行植树以恢复森林。
word;vt. 用言辞表达;He used persuasive words to convince his friend. 他用有说服力的言辞说服了他的朋友.
work;vt. 使工作；操作；经营；使缓慢前进;He works hard to support his family. 他努力工作来养家。
出现停用词, 再次尝试
worry;vi. 担心；烦恼；撕咬;She worries about her upcoming exam. 她担心她即将到来的考试。
would;v. will的过去式;He said he would come to the party. 他说他会来参加聚会。
出现停用词, 再次尝试
wound;vt. 使受伤;She accidentally wound the string too tightly around the spool. 她不小心把线在线轴上绕得太紧了。
write;vi. 写，写字；写作，作曲；写信;She loves to write stories in her free time. 她喜欢在空闲时间写故事。
wrong;vt. 委屈；无理地对待；诽谤;She felt wronged when her ideas were dismissed without consideration. 她觉得自己的想法被无视是很委屈的。
X-ray;v. 用X线检查[摄影,处理,治疗];Doctors use X-ray to examine broken bones. 医生使用X射线来检查骨折。
出现停用词, 再次尝试
yard;vt. 把…关进或围在畜栏里;They yard the animals to keep them safe. 他们把动物关在畜栏里以确保它们安全。
yellow;vt. 使变黄或发黄;The sun's rays can yellow old newspapers. 太阳的光线能使旧报纸变黄.
          单词  ...                                                 例句
0     absent  ...     He was absent from school yesterday. 他昨天缺席了学校。
1     accept  ...  She had to accept the fact that summer vacatio...
2    achieve  ...  She worked hard to achieve her goals. 她努力工作以实现...
3        act  ...  She likes to act in school plays. 她喜欢在学校的戏剧中扮演角色。
4        add  ...  He likes to add sugar to his coffee every morn...
..       ...  ...                                                ...
758    write  ...  She loves to write stories in her free time. 她...
759    wrong  ...  She felt wronged when her ideas were dismissed...
760    X-ray  ...  Doctors use X-ray to examine broken bones. 医生使...
761     yard  ...  They yard the animals to keep them safe. 他们把动物...
762   yellow  ...  The sun's rays can yellow old newspapers. 太阳的光...

[763 rows x 4 columns]
======弄好了======
